Using pre-set license

 COMMAND LINE ARGUMENTS:
/Applications/Unity/Hub/Editor/2020.2.1f1c1/Unity.app/Contents/MacOS/Unity
-adb2
-batchMode
-noUpm
-name
AssetImportWorker0
-projectPath
/Volumes/项目/ThePlaneWar
-logFile
Logs/AssetImportWorker0.log
-srvPort
49818
Successfully changed project path to: /Volumes/项目/ThePlaneWar
/Volumes/项目/ThePlaneWar
Using Asset Import Pipeline V2.
Refreshing native plugins compatible for Editor in 67.32 ms, found 2 plugins.
Preloading 0 native plugins for Editor in 0.00 ms.
Initialize engine version: 2020.2.1f1c1 (252d8215dd99)
[Subsystems] Discovering subsystems at path /Applications/Unity/Hub/Editor/2020.2.1f1c1/Unity.app/Contents/Resources/UnitySubsystems
[Subsystems] Discovering subsystems at path /Volumes/项目/ThePlaneWar/Assets
GfxDevice: creating device client; threaded=0
2021-01-12 15:57:07.831 Unity[949:9483] Display preferred device: Intel(R) UHD Graphics 630 (low power)
2021-01-12 15:57:07.831 Unity[949:9483] Metal devices available: 1
2021-01-12 15:57:07.831 Unity[949:9483] 0: Intel(R) UHD Graphics 630 (low power)
2021-01-12 15:57:07.831 Unity[949:9483] Using device Intel(R) UHD Graphics 630 (low power)
Initializing Metal device caps: Intel(R) UHD Graphics 630
Initialize mono
Mono path[0] = '/Applications/Unity/Hub/Editor/2020.2.1f1c1/Unity.app/Contents/Managed'
Mono path[1] = '/Applications/Unity/Hub/Editor/2020.2.1f1c1/Unity.app/Contents/MonoBleedingEdge/lib/mono/unityjit'
Mono config path = '/Applications/Unity/Hub/Editor/2020.2.1f1c1/Unity.app/Contents/MonoBleedingEdge/etc'
Using monoOptions --debugger-agent=transport=dt_socket,embedding=1,server=y,suspend=n,address=127.0.0.1:56949
Begin MonoManager ReloadAssembly
Registering precompiled unity dll's ...
Register platform support module: /Applications/Unity/Hub/Editor/2020.2.1f1c1/Unity.app/Contents/PlaybackEngines/MacStandaloneSupport/UnityEditor.OSXStandalone.Extensions.dll
Register platform support module: /Applications/Unity/Hub/Editor/2020.2.1f1c1/PlaybackEngines/WindowsStandaloneSupport/UnityEditor.WindowsStandalone.Extensions.dll
Registered in 0.000611 seconds.
Native extension for WindowsStandalone target not found
Native extension for OSXStandalone target not found
Refreshing native plugins compatible for Editor in 69.83 ms, found 2 plugins.
Preloading 0 native plugins for Editor in 0.00 ms.
Invoked RoslynAnalysisRunner static constructor.
RoslynAnalysisRunner will not be running.
RoslynAnalysisRunner has terminated.
Mono: successfully reloaded assembly
- Completed reload, in  2.229 seconds
Platform modules already initialized, skipping
Registering precompiled user dll's ...
Registered in 0.004325 seconds.
Begin MonoManager ReloadAssembly
Symbol file LoadedFromMemory doesn't match image /Volumes/项目/ThePlaneWar/Assets/Photon/PhotonLibs/Photon3Unity3D.dll
Native extension for WindowsStandalone target not found
Native extension for OSXStandalone target not found
Refreshing native plugins compatible for Editor in 0.91 ms, found 2 plugins.
Preloading 0 native plugins for Editor in 0.00 ms.
Invoked RoslynAnalysisRunner static constructor.
RoslynAnalysisRunner will not be running.
RoslynAnalysisRunner has terminated.
Mono: successfully reloaded assembly
- Completed reload, in  1.200 seconds
Platform modules already initialized, skipping
========================================================================
Worker process is ready to serve import requests
Launching external process: /Applications/Unity/Hub/Editor/2020.2.1f1c1/Unity.app/Contents/Tools/UnityShaderCompiler
Launched and connected shader compiler UnityShaderCompiler after 0.02 seconds
Refreshing native plugins compatible for Editor in 0.85 ms, found 2 plugins.
Preloading 0 native plugins for Editor in 0.00 ms.
Unloading 2546 Unused Serialized files (Serialized files now loaded: 0)
System memory in use before: 229.5 MB.
System memory in use after: 229.3 MB.

Unloading 65 unused Assets to reduce memory usage. Loaded Objects now: 3035.
Total: 2.534597 ms (FindLiveObjects: 0.323961 ms CreateObjectMapping: 0.142205 ms MarkObjects: 1.620214 ms  DeleteObjects: 0.447151 ms)

========================================================================
Received Import Request.
  path: Assets/StylizedProjectilePack1/WebDemo/scripts/ExplodingProjectile.cs
  artifactKey: Guid(538d28f745155f34fba977c5c1026e39) Importer(815301076,1909f56bfc062723c751e8b465ee728b)
Start importing Assets/StylizedProjectilePack1/WebDemo/scripts/ExplodingProjectile.cs using Guid(538d28f745155f34fba977c5c1026e39) Importer(815301076,1909f56bfc062723c751e8b465ee728b)  -> (artifact id: 'da1af09403bc64392301066e659fca35') in 0.421486 seconds
  Import took 0.425492 seconds .

========================================================================
Received Prepare
Registering precompiled user dll's ...
Registered in 0.026821 seconds.
Begin MonoManager ReloadAssembly
Symbol file LoadedFromMemory doesn't match image /Volumes/项目/ThePlaneWar/Assets/Photon/PhotonLibs/Photon3Unity3D.dll
Native extension for WindowsStandalone target not found
Native extension for OSXStandalone target not found
Refreshing native plugins compatible for Editor in 0.88 ms, found 2 plugins.
Preloading 0 native plugins for Editor in 0.00 ms.
Invoked RoslynAnalysisRunner static constructor.
RoslynAnalysisRunner will not be running.
RoslynAnalysisRunner has terminated.
Mono: successfully reloaded assembly
- Completed reload, in  1.063 seconds
Platform modules already initialized, skipping
Refreshing native plugins compatible for Editor in 0.89 ms, found 2 plugins.
Preloading 0 native plugins for Editor in 0.00 ms.
Unloading 2458 Unused Serialized files (Serialized files now loaded: 0)
System memory in use before: 212.3 MB.
System memory in use after: 212.0 MB.

Unloading 56 unused Assets to reduce memory usage. Loaded Objects now: 3038.
Total: 2.196105 ms (FindLiveObjects: 0.252585 ms CreateObjectMapping: 0.121951 ms MarkObjects: 1.408430 ms  DeleteObjects: 0.412067 ms)

========================================================================
Received Import Request.
  Time since last request: 110.472578 seconds.
  path: Assets/StylizedProjectilePack1/WebDemo/scripts/ExplodingProjectile.cs
  artifactKey: Guid(538d28f745155f34fba977c5c1026e39) Importer(815301076,1909f56bfc062723c751e8b465ee728b)
Start importing Assets/StylizedProjectilePack1/WebDemo/scripts/ExplodingProjectile.cs using Guid(538d28f745155f34fba977c5c1026e39) Importer(815301076,1909f56bfc062723c751e8b465ee728b)  -> (artifact id: 'a25237cd5edd76f8caa338dec96d6860') in 0.004683 seconds
  Import took 0.008954 seconds .

========================================================================
Received Import Request.
  Time since last request: 46.967085 seconds.
  path: Assets/Resources/Bullet_BlazingRed_Big_Projectile.prefab
  artifactKey: Guid(7d9628d8dd1c41e40a689cba91859604) Importer(815301076,1909f56bfc062723c751e8b465ee728b)
Start importing Assets/Resources/Bullet_BlazingRed_Big_Projectile.prefab using Guid(7d9628d8dd1c41e40a689cba91859604) Importer(815301076,1909f56bfc062723c751e8b465ee728b)  -> (artifact id: '67ded34a97529bb740b6722d325949b4') in 1.575003 seconds
  Import took 1.580087 seconds .

========================================================================
Received Import Request.
  Time since last request: 46.557063 seconds.
  path: Assets/Resources/Bullet_BlazingRed_Medium_Projectile.prefab
  artifactKey: Guid(0d5375de13c0d07418db45e642648e1b) Importer(815301076,1909f56bfc062723c751e8b465ee728b)
Start importing Assets/Resources/Bullet_BlazingRed_Medium_Projectile.prefab using Guid(0d5375de13c0d07418db45e642648e1b) Importer(815301076,1909f56bfc062723c751e8b465ee728b)  -> (artifact id: '40a63fd13ad4409d03ee2f01b934fe6c') in 0.016924 seconds
  Import took 0.022362 seconds .

========================================================================
Received Import Request.
  Time since last request: 3.693356 seconds.
  path: Assets/Resources/Bullet_BlazingRed_Small_Projectile.prefab
  artifactKey: Guid(a2700d7f89910434081c7dc7c92e22ca) Importer(815301076,1909f56bfc062723c751e8b465ee728b)
Start importing Assets/Resources/Bullet_BlazingRed_Small_Projectile.prefab using Guid(a2700d7f89910434081c7dc7c92e22ca) Importer(815301076,1909f56bfc062723c751e8b465ee728b)  -> (artifact id: '539bfb14d2a72bf5c2a20556b0041ca0') in 0.016562 seconds
  Import took 0.022084 seconds .

========================================================================
Received Import Request.
  Time since last request: 0.003708 seconds.
  path: Assets/Resources/Bullet_BlazingRed_Small_Projectile.prefab
  artifactKey: Guid(a2700d7f89910434081c7dc7c92e22ca) Importer(815301076,1909f56bfc062723c751e8b465ee728b)
Start importing Assets/Resources/Bullet_BlazingRed_Small_Projectile.prefab using Guid(a2700d7f89910434081c7dc7c92e22ca) Importer(815301076,1909f56bfc062723c751e8b465ee728b)  -> (artifact id: '539bfb14d2a72bf5c2a20556b0041ca0') in 0.008691 seconds
  Import took 0.014016 seconds .

========================================================================
Received Import Request.
  Time since last request: 8.022436 seconds.
  path: Assets/Resources/Bullet_DemonPurple_Small_Projectile.prefab
  artifactKey: Guid(9e80e89bac104d14f9a55cf85b640e28) Importer(815301076,1909f56bfc062723c751e8b465ee728b)
Start importing Assets/Resources/Bullet_DemonPurple_Small_Projectile.prefab using Guid(9e80e89bac104d14f9a55cf85b640e28) Importer(815301076,1909f56bfc062723c751e8b465ee728b)  -> (artifact id: '2bc831787228b37ae5cef5d0d4a9204d') in 0.016348 seconds
  Import took 0.021669 seconds .

========================================================================
Received Import Request.
  Time since last request: 0.003752 seconds.
  path: Assets/Resources/Bullet_DemonPurple_Small_Projectile.prefab
  artifactKey: Guid(9e80e89bac104d14f9a55cf85b640e28) Importer(815301076,1909f56bfc062723c751e8b465ee728b)
Start importing Assets/Resources/Bullet_DemonPurple_Small_Projectile.prefab using Guid(9e80e89bac104d14f9a55cf85b640e28) Importer(815301076,1909f56bfc062723c751e8b465ee728b)  -> (artifact id: '2bc831787228b37ae5cef5d0d4a9204d') in 0.008402 seconds
  Import took 0.013637 seconds .

========================================================================
Received Import Request.
  Time since last request: 1.550023 seconds.
  path: Assets/Resources/Bullet_DemonPurple_Medium_Projectile.prefab
  artifactKey: Guid(2fa2d7455fc1db84e9c6ec4494aed9f3) Importer(815301076,1909f56bfc062723c751e8b465ee728b)
Start importing Assets/Resources/Bullet_DemonPurple_Medium_Projectile.prefab using Guid(2fa2d7455fc1db84e9c6ec4494aed9f3) Importer(815301076,1909f56bfc062723c751e8b465ee728b)  -> (artifact id: 'aafdbc726c2cc52f72baceb576f1d405') in 0.015822 seconds
  Import took 0.021447 seconds .

========================================================================
Received Import Request.
  Time since last request: 0.002204 seconds.
  path: Assets/Resources/Bullet_DemonPurple_Medium_Projectile.prefab
  artifactKey: Guid(2fa2d7455fc1db84e9c6ec4494aed9f3) Importer(815301076,1909f56bfc062723c751e8b465ee728b)
Start importing Assets/Resources/Bullet_DemonPurple_Medium_Projectile.prefab using Guid(2fa2d7455fc1db84e9c6ec4494aed9f3) Importer(815301076,1909f56bfc062723c751e8b465ee728b)  -> (artifact id: 'aafdbc726c2cc52f72baceb576f1d405') in 0.009209 seconds
  Import took 0.014614 seconds .

========================================================================
Received Import Request.
  Time since last request: 6.690309 seconds.
  path: Assets/Resources/Bullet_GoldFire_Big_Projectile.prefab
  artifactKey: Guid(bc005d43007bfc140a15996ff3940144) Importer(815301076,1909f56bfc062723c751e8b465ee728b)
Start importing Assets/Resources/Bullet_GoldFire_Big_Projectile.prefab using Guid(bc005d43007bfc140a15996ff3940144) Importer(815301076,1909f56bfc062723c751e8b465ee728b)  -> (artifact id: '4c75662a2abeb26f3b844e090ee59863') in 0.016483 seconds
  Import took 0.022437 seconds .

========================================================================
Received Import Request.
  Time since last request: 0.002289 seconds.
  path: Assets/Resources/Bullet_GoldFire_Big_Projectile.prefab
  artifactKey: Guid(bc005d43007bfc140a15996ff3940144) Importer(815301076,1909f56bfc062723c751e8b465ee728b)
Start importing Assets/Resources/Bullet_GoldFire_Big_Projectile.prefab using Guid(bc005d43007bfc140a15996ff3940144) Importer(815301076,1909f56bfc062723c751e8b465ee728b)  -> (artifact id: '4c75662a2abeb26f3b844e090ee59863') in 0.008346 seconds
  Import took 0.013843 seconds .

========================================================================
Received Import Request.
  Time since last request: 8.623113 seconds.
  path: Assets/Resources/Bullet_GoldFire_Small_Projectile.prefab
  artifactKey: Guid(3b952465a137ae4459f7be070b8ebfa8) Importer(815301076,1909f56bfc062723c751e8b465ee728b)
Start importing Assets/Resources/Bullet_GoldFire_Small_Projectile.prefab using Guid(3b952465a137ae4459f7be070b8ebfa8) Importer(815301076,1909f56bfc062723c751e8b465ee728b)  -> (artifact id: '2edb4702740f421d160f9642f99a92c0') in 0.018443 seconds
  Import took 0.024648 seconds .

========================================================================
Received Import Request.
  Time since last request: 3.077229 seconds.
  path: Assets/Resources/Bullet_GoldFire_Medium_Projectile.prefab
  artifactKey: Guid(061404bc873e1bc47ad3e9f305e4bc51) Importer(815301076,1909f56bfc062723c751e8b465ee728b)
Start importing Assets/Resources/Bullet_GoldFire_Medium_Projectile.prefab using Guid(061404bc873e1bc47ad3e9f305e4bc51) Importer(815301076,1909f56bfc062723c751e8b465ee728b)  -> (artifact id: 'c0a86c1f6901d0ce316adb0d264c8ea9') in 0.016147 seconds
  Import took 0.021713 seconds .

========================================================================
Received Import Request.
  Time since last request: 0.001855 seconds.
  path: Assets/Resources/Bullet_GoldFire_Medium_Projectile.prefab
  artifactKey: Guid(061404bc873e1bc47ad3e9f305e4bc51) Importer(815301076,1909f56bfc062723c751e8b465ee728b)
Start importing Assets/Resources/Bullet_GoldFire_Medium_Projectile.prefab using Guid(061404bc873e1bc47ad3e9f305e4bc51) Importer(815301076,1909f56bfc062723c751e8b465ee728b)  -> (artifact id: 'c0a86c1f6901d0ce316adb0d264c8ea9') in 0.008313 seconds
  Import took 0.013509 seconds .

========================================================================
Received Import Request.
  Time since last request: 6.030376 seconds.
  path: Assets/Resources/Bullet_SilverFlare_Big_Projectile.prefab
  artifactKey: Guid(54198a7dbde9a55489adb98417866dfd) Importer(815301076,1909f56bfc062723c751e8b465ee728b)
Start importing Assets/Resources/Bullet_SilverFlare_Big_Projectile.prefab using Guid(54198a7dbde9a55489adb98417866dfd) Importer(815301076,1909f56bfc062723c751e8b465ee728b)  -> (artifact id: 'e85026302798412c4a3d26dd67319a20') in 0.015992 seconds
  Import took 0.021396 seconds .

========================================================================
Received Import Request.
  Time since last request: 0.004591 seconds.
  path: Assets/Resources/Bullet_SilverFlare_Big_Projectile.prefab
  artifactKey: Guid(54198a7dbde9a55489adb98417866dfd) Importer(815301076,1909f56bfc062723c751e8b465ee728b)
Start importing Assets/Resources/Bullet_SilverFlare_Big_Projectile.prefab using Guid(54198a7dbde9a55489adb98417866dfd) Importer(815301076,1909f56bfc062723c751e8b465ee728b)  -> (artifact id: 'e85026302798412c4a3d26dd67319a20') in 0.008297 seconds
  Import took 0.013794 seconds .

========================================================================
Received Import Request.
  Time since last request: 2.538038 seconds.
  path: Assets/Resources/Bullet_SilverFlare_Medium_Projectile.prefab
  artifactKey: Guid(39857ee6d99944b4e807aa60e2c121b8) Importer(815301076,1909f56bfc062723c751e8b465ee728b)
Start importing Assets/Resources/Bullet_SilverFlare_Medium_Projectile.prefab using Guid(39857ee6d99944b4e807aa60e2c121b8) Importer(815301076,1909f56bfc062723c751e8b465ee728b)  -> (artifact id: '9d3f6fb9de324a167f966a1d7d3b5891') in 0.016643 seconds
  Import took 0.022803 seconds .

========================================================================
Received Import Request.
  Time since last request: 0.003776 seconds.
  path: Assets/Resources/Bullet_SilverFlare_Medium_Projectile.prefab
  artifactKey: Guid(39857ee6d99944b4e807aa60e2c121b8) Importer(815301076,1909f56bfc062723c751e8b465ee728b)
Start importing Assets/Resources/Bullet_SilverFlare_Medium_Projectile.prefab using Guid(39857ee6d99944b4e807aa60e2c121b8) Importer(815301076,1909f56bfc062723c751e8b465ee728b)  -> (artifact id: '9d3f6fb9de324a167f966a1d7d3b5891') in 0.008743 seconds
  Import took 0.014228 seconds .

========================================================================
Received Import Request.
  Time since last request: 6.952916 seconds.
  path: Assets/Resources/Bullet_VenomGreen_Big_Projectile.prefab
  artifactKey: Guid(3c156ec90b33acd4a992851f55a27eac) Importer(815301076,1909f56bfc062723c751e8b465ee728b)
Start importing Assets/Resources/Bullet_VenomGreen_Big_Projectile.prefab using Guid(3c156ec90b33acd4a992851f55a27eac) Importer(815301076,1909f56bfc062723c751e8b465ee728b)  -> (artifact id: 'ba0918202f68b11f35d0012098db2515') in 0.016873 seconds
  Import took 0.022194 seconds .

========================================================================
Received Import Request.
  Time since last request: 0.002563 seconds.
  path: Assets/Resources/Bullet_VenomGreen_Big_Projectile.prefab
  artifactKey: Guid(3c156ec90b33acd4a992851f55a27eac) Importer(815301076,1909f56bfc062723c751e8b465ee728b)
Start importing Assets/Resources/Bullet_VenomGreen_Big_Projectile.prefab using Guid(3c156ec90b33acd4a992851f55a27eac) Importer(815301076,1909f56bfc062723c751e8b465ee728b)  -> (artifact id: 'ba0918202f68b11f35d0012098db2515') in 0.008221 seconds
  Import took 0.013527 seconds .

========================================================================
Received Import Request.
  Time since last request: 3.548891 seconds.
  path: Assets/Resources/Bullet_SilverFlare_Small_Projectile.prefab
  artifactKey: Guid(df1a1922af2b37e4f9ade4203d8566bd) Importer(815301076,1909f56bfc062723c751e8b465ee728b)
Start importing Assets/Resources/Bullet_SilverFlare_Small_Projectile.prefab using Guid(df1a1922af2b37e4f9ade4203d8566bd) Importer(815301076,1909f56bfc062723c751e8b465ee728b)  -> (artifact id: 'fd085e66ca049889b28870da82624b2d') in 0.016353 seconds
  Import took 0.021771 seconds .

========================================================================
Received Import Request.
  Time since last request: 0.002934 seconds.
  path: Assets/Resources/Bullet_SilverFlare_Small_Projectile.prefab
  artifactKey: Guid(df1a1922af2b37e4f9ade4203d8566bd) Importer(815301076,1909f56bfc062723c751e8b465ee728b)
Start importing Assets/Resources/Bullet_SilverFlare_Small_Projectile.prefab using Guid(df1a1922af2b37e4f9ade4203d8566bd) Importer(815301076,1909f56bfc062723c751e8b465ee728b)  -> (artifact id: 'fd085e66ca049889b28870da82624b2d') in 0.008397 seconds
  Import took 0.013630 seconds .

========================================================================
Received Import Request.
  Time since last request: 3.107071 seconds.
  path: Assets/Resources/Bullet_VenomGreen_Medium_Projectile.prefab
  artifactKey: Guid(3e6e0da4bb550b9409620dff24cfdefa) Importer(815301076,1909f56bfc062723c751e8b465ee728b)
Start importing Assets/Resources/Bullet_VenomGreen_Medium_Projectile.prefab using Guid(3e6e0da4bb550b9409620dff24cfdefa) Importer(815301076,1909f56bfc062723c751e8b465ee728b)  -> (artifact id: '19f889dd688a81b73492961ed588a0be') in 0.016363 seconds
  Import took 0.021904 seconds .

========================================================================
Received Import Request.
  Time since last request: 0.003874 seconds.
  path: Assets/Resources/Bullet_VenomGreen_Medium_Projectile.prefab
  artifactKey: Guid(3e6e0da4bb550b9409620dff24cfdefa) Importer(815301076,1909f56bfc062723c751e8b465ee728b)
Start importing Assets/Resources/Bullet_VenomGreen_Medium_Projectile.prefab using Guid(3e6e0da4bb550b9409620dff24cfdefa) Importer(815301076,1909f56bfc062723c751e8b465ee728b)  -> (artifact id: '19f889dd688a81b73492961ed588a0be') in 0.008501 seconds
  Import took 0.013854 seconds .

========================================================================
Received Import Request.
  Time since last request: 3.589223 seconds.
  path: Assets/Resources/Bullet_VenomGreen_Small_Projectile.prefab
  artifactKey: Guid(f28a900373870dd46b5aa1352c03c233) Importer(815301076,1909f56bfc062723c751e8b465ee728b)
Start importing Assets/Resources/Bullet_VenomGreen_Small_Projectile.prefab using Guid(f28a900373870dd46b5aa1352c03c233) Importer(815301076,1909f56bfc062723c751e8b465ee728b)  -> (artifact id: 'ced5a110df55d974cb90dfea8f565c1f') in 0.033383 seconds
  Import took 0.038928 seconds .

========================================================================
Received Import Request.
  Time since last request: 4.674751 seconds.
  path: Assets/Resources/Laser_Blue_Big_Projectile.prefab
  artifactKey: Guid(e791bce961c856c48a4aaf3bf189e3aa) Importer(815301076,1909f56bfc062723c751e8b465ee728b)
Start importing Assets/Resources/Laser_Blue_Big_Projectile.prefab using Guid(e791bce961c856c48a4aaf3bf189e3aa) Importer(815301076,1909f56bfc062723c751e8b465ee728b)  -> (artifact id: '1e601e940ec9f4567abd7bde3f3a0d2c') in 0.980645 seconds
  Import took 0.989138 seconds .

========================================================================
Received Import Request.
  Time since last request: 23.581262 seconds.
  path: Assets/Resources/Laser_Blue_Medium_Projectile.prefab
  artifactKey: Guid(19c7f662c0bf1a447be313604bf5e7a3) Importer(815301076,1909f56bfc062723c751e8b465ee728b)
Start importing Assets/Resources/Laser_Blue_Medium_Projectile.prefab using Guid(19c7f662c0bf1a447be313604bf5e7a3) Importer(815301076,1909f56bfc062723c751e8b465ee728b)  -> (artifact id: '0d65684445437a3694098f7ea750831e') in 0.022153 seconds
  Import took 0.027981 seconds .

========================================================================
Received Import Request.
  Time since last request: 2.367341 seconds.
  path: Assets/Resources/Laser_Blue_Small_Projectile.prefab
  artifactKey: Guid(1b81ed6643072854688c442ec72032d6) Importer(815301076,1909f56bfc062723c751e8b465ee728b)
Start importing Assets/Resources/Laser_Blue_Small_Projectile.prefab using Guid(1b81ed6643072854688c442ec72032d6) Importer(815301076,1909f56bfc062723c751e8b465ee728b)  -> (artifact id: '900f62a5adc11373e87086f8f2067426') in 0.021010 seconds
  Import took 0.026492 seconds .

========================================================================
Received Import Request.
  Time since last request: 2.610394 seconds.
  path: Assets/Resources/Laser_Green_Big_Projectile.prefab
  artifactKey: Guid(b22cf5060c5092d4297f0d177666e79c) Importer(815301076,1909f56bfc062723c751e8b465ee728b)
Start importing Assets/Resources/Laser_Green_Big_Projectile.prefab using Guid(b22cf5060c5092d4297f0d177666e79c) Importer(815301076,1909f56bfc062723c751e8b465ee728b)  -> (artifact id: 'c77ddc4a83e046a20f10ed00f44f31e5') in 0.022264 seconds
  Import took 0.027894 seconds .

========================================================================
Received Import Request.
  Time since last request: 2.354325 seconds.
  path: Assets/Resources/Laser_Green_Medium_Projectile.prefab
  artifactKey: Guid(bad57c5fb182fb8449467ca897400b7e) Importer(815301076,1909f56bfc062723c751e8b465ee728b)
Start importing Assets/Resources/Laser_Green_Medium_Projectile.prefab using Guid(bad57c5fb182fb8449467ca897400b7e) Importer(815301076,1909f56bfc062723c751e8b465ee728b)  -> (artifact id: '8d2361b987af28e0d549e7b73db01042') in 0.025125 seconds
  Import took 0.030819 seconds .

========================================================================
Received Import Request.
  Time since last request: 2.643958 seconds.
  path: Assets/Resources/Laser_Green_Small_Projectile.prefab
  artifactKey: Guid(da569c0f83ca4b648aec954193d757e5) Importer(815301076,1909f56bfc062723c751e8b465ee728b)
Start importing Assets/Resources/Laser_Green_Small_Projectile.prefab using Guid(da569c0f83ca4b648aec954193d757e5) Importer(815301076,1909f56bfc062723c751e8b465ee728b)  -> (artifact id: 'b6402396c3d143f17a5132a22d308a0a') in 0.024054 seconds
  Import took 0.029656 seconds .

========================================================================
Received Import Request.
  Time since last request: 3.054524 seconds.
  path: Assets/Resources/Laser_Orange_Big_Projectile.prefab
  artifactKey: Guid(81c4f6a987bb9b44184e51ede81129d5) Importer(815301076,1909f56bfc062723c751e8b465ee728b)
Start importing Assets/Resources/Laser_Orange_Big_Projectile.prefab using Guid(81c4f6a987bb9b44184e51ede81129d5) Importer(815301076,1909f56bfc062723c751e8b465ee728b)  -> (artifact id: '47fb854d92ec4820e17b434d5991ad0a') in 0.021667 seconds
  Import took 0.027290 seconds .

========================================================================
Received Import Request.
  Time since last request: 2.709897 seconds.
  path: Assets/Resources/Laser_Orange_Medium_Projectile.prefab
  artifactKey: Guid(188c00203ec6f7f47bb714a7a7a875af) Importer(815301076,1909f56bfc062723c751e8b465ee728b)
Start importing Assets/Resources/Laser_Orange_Medium_Projectile.prefab using Guid(188c00203ec6f7f47bb714a7a7a875af) Importer(815301076,1909f56bfc062723c751e8b465ee728b)  -> (artifact id: '417ce705e68ff39dc778b8cff078fc93') in 0.021614 seconds
  Import took 0.027026 seconds .

========================================================================
Received Import Request.
  Time since last request: 2.598900 seconds.
  path: Assets/Resources/Laser_Orange_Small_Projectile.prefab
  artifactKey: Guid(50ec823dd4a23dd4d9de5dfa8f5104b8) Importer(815301076,1909f56bfc062723c751e8b465ee728b)
Start importing Assets/Resources/Laser_Orange_Small_Projectile.prefab using Guid(50ec823dd4a23dd4d9de5dfa8f5104b8) Importer(815301076,1909f56bfc062723c751e8b465ee728b)  -> (artifact id: 'd0beb6bcd584a64d8f6a27a1fb88b5cd') in 0.021826 seconds
  Import took 0.027493 seconds .

========================================================================
Received Import Request.
  Time since last request: 2.545176 seconds.
  path: Assets/Resources/Laser_Purple_Big_Projectile.prefab
  artifactKey: Guid(b20aa33fbcc0f9341bafbb0b018927eb) Importer(815301076,1909f56bfc062723c751e8b465ee728b)
Start importing Assets/Resources/Laser_Purple_Big_Projectile.prefab using Guid(b20aa33fbcc0f9341bafbb0b018927eb) Importer(815301076,1909f56bfc062723c751e8b465ee728b)  -> (artifact id: 'b759c3476f94d6116cffbfc0eeec0191') in 0.021293 seconds
  Import took 0.026812 seconds .

========================================================================
Received Import Request.
  Time since last request: 2.289297 seconds.
  path: Assets/Resources/Laser_Purple_Medium_Projectile.prefab
  artifactKey: Guid(a9bf75c6c2f9d824c9c94dc55cc450b1) Importer(815301076,1909f56bfc062723c751e8b465ee728b)
Start importing Assets/Resources/Laser_Purple_Medium_Projectile.prefab using Guid(a9bf75c6c2f9d824c9c94dc55cc450b1) Importer(815301076,1909f56bfc062723c751e8b465ee728b)  -> (artifact id: 'a14cc9a3feae0e22aa3b5443ad49ed46') in 0.021039 seconds
  Import took 0.026454 seconds .

========================================================================
Received Import Request.
  Time since last request: 2.841564 seconds.
  path: Assets/Resources/Laser_Purple_Small_Projectile.prefab
  artifactKey: Guid(cd3a4ee3b9b481342afe44304c00fd97) Importer(815301076,1909f56bfc062723c751e8b465ee728b)
Start importing Assets/Resources/Laser_Purple_Small_Projectile.prefab using Guid(cd3a4ee3b9b481342afe44304c00fd97) Importer(815301076,1909f56bfc062723c751e8b465ee728b)  -> (artifact id: '26e5a1810233161632583014f9764ed1') in 0.021387 seconds
  Import took 0.027167 seconds .

========================================================================
Received Import Request.
  Time since last request: 4.274483 seconds.
  path: Assets/Resources/Laser_Red_Big_Projectile.prefab
  artifactKey: Guid(624541ee5e3a00b4db9f57d9ca66b598) Importer(815301076,1909f56bfc062723c751e8b465ee728b)
Start importing Assets/Resources/Laser_Red_Big_Projectile.prefab using Guid(624541ee5e3a00b4db9f57d9ca66b598) Importer(815301076,1909f56bfc062723c751e8b465ee728b)  -> (artifact id: '0ee23252a564d348299925f06e5bbe79') in 0.026752 seconds
  Import took 0.032417 seconds .

========================================================================
Received Import Request.
  Time since last request: 4.860599 seconds.
  path: Assets/Resources/Laser_Red_Small_Projectile.prefab
  artifactKey: Guid(46283029775b07e41bcee10d380c6f0d) Importer(815301076,1909f56bfc062723c751e8b465ee728b)
Start importing Assets/Resources/Laser_Red_Small_Projectile.prefab using Guid(46283029775b07e41bcee10d380c6f0d) Importer(815301076,1909f56bfc062723c751e8b465ee728b)  -> (artifact id: '74b7560a6f7ab036466ffbcd6daac47f') in 0.021343 seconds
  Import took 0.027517 seconds .

========================================================================
Received Import Request.
  Time since last request: 2.732066 seconds.
  path: Assets/Resources/Laser_Red_Small_Projectile.prefab
  artifactKey: Guid(46283029775b07e41bcee10d380c6f0d) Importer(815301076,1909f56bfc062723c751e8b465ee728b)
Start importing Assets/Resources/Laser_Red_Small_Projectile.prefab using Guid(46283029775b07e41bcee10d380c6f0d) Importer(815301076,1909f56bfc062723c751e8b465ee728b)  -> (artifact id: 'f56044696e7665edbb2942d2a22c6f44') in 0.013589 seconds
  Import took 0.019005 seconds .

========================================================================
Received Import Request.
  Time since last request: 0.001692 seconds.
  path: Assets/Resources/Laser_Red_Small_Projectile.prefab
  artifactKey: Guid(46283029775b07e41bcee10d380c6f0d) Importer(815301076,1909f56bfc062723c751e8b465ee728b)
Start importing Assets/Resources/Laser_Red_Small_Projectile.prefab using Guid(46283029775b07e41bcee10d380c6f0d) Importer(815301076,1909f56bfc062723c751e8b465ee728b)  -> (artifact id: 'f56044696e7665edbb2942d2a22c6f44') in 0.014830 seconds
  Import took 0.020344 seconds .

========================================================================
Received Import Request.
  Time since last request: 0.636845 seconds.
  path: Assets/Resources/Laser_Red_Medium_Projectile.prefab
  artifactKey: Guid(5e486dbaa8aaffb458af02f5b8d83621) Importer(815301076,1909f56bfc062723c751e8b465ee728b)
Start importing Assets/Resources/Laser_Red_Medium_Projectile.prefab using Guid(5e486dbaa8aaffb458af02f5b8d83621) Importer(815301076,1909f56bfc062723c751e8b465ee728b)  -> (artifact id: 'c47e34dd9f5650baaab6bf8e83af7b93') in 0.021319 seconds
  Import took 0.026912 seconds .

========================================================================
Received Import Request.
  Time since last request: 3.663701 seconds.
  path: Assets/Resources/Plasma_LightBlue_Big_Projectile.prefab
  artifactKey: Guid(561abac2220442c4da20719a0d81371f) Importer(815301076,1909f56bfc062723c751e8b465ee728b)
Start importing Assets/Resources/Plasma_LightBlue_Big_Projectile.prefab using Guid(561abac2220442c4da20719a0d81371f) Importer(815301076,1909f56bfc062723c751e8b465ee728b)  -> (artifact id: 'fc71727cbe52ec1e89e5c64d272f5ff5') in 0.018376 seconds
  Import took 0.024311 seconds .

========================================================================
Received Import Request.
  Time since last request: 0.007819 seconds.
  path: Assets/Resources/Plasma_LightBlue_Big_Projectile.prefab
  artifactKey: Guid(561abac2220442c4da20719a0d81371f) Importer(815301076,1909f56bfc062723c751e8b465ee728b)
Start importing Assets/Resources/Plasma_LightBlue_Big_Projectile.prefab using Guid(561abac2220442c4da20719a0d81371f) Importer(815301076,1909f56bfc062723c751e8b465ee728b)  -> (artifact id: 'fc71727cbe52ec1e89e5c64d272f5ff5') in 0.010781 seconds
  Import took 0.017697 seconds .

