Using pre-set license

 COMMAND LINE ARGUMENTS:
/Applications/Unity/Hub/Editor/2020.2.1f1c1/Unity.app/Contents/MacOS/Unity
-adb2
-batchMode
-noUpm
-name
AssetImportWorker0
-projectPath
/Volumes/项目/ThePlaneWar
-logFile
Logs/AssetImportWorker0.log
-srvPort
49632
Successfully changed project path to: /Volumes/项目/ThePlaneWar
/Volumes/项目/ThePlaneWar
Using Asset Import Pipeline V2.
Refreshing native plugins compatible for Editor in 117.82 ms, found 2 plugins.
Preloading 0 native plugins for Editor in 0.00 ms.
Initialize engine version: 2020.2.1f1c1 (252d8215dd99)
[Subsystems] Discovering subsystems at path /Applications/Unity/Hub/Editor/2020.2.1f1c1/Unity.app/Contents/Resources/UnitySubsystems
[Subsystems] Discovering subsystems at path /Volumes/项目/ThePlaneWar/Assets
GfxDevice: creating device client; threaded=0
2021-01-04 07:49:32.946 Unity[1050:11756] Display preferred device: Intel(R) UHD Graphics 630 (low power)
2021-01-04 07:49:32.946 Unity[1050:11756] Metal devices available: 1
2021-01-04 07:49:32.946 Unity[1050:11756] 0: Intel(R) UHD Graphics 630 (low power)
2021-01-04 07:49:32.946 Unity[1050:11756] Using device Intel(R) UHD Graphics 630 (low power)
Initializing Metal device caps: Intel(R) UHD Graphics 630
Initialize mono
Mono path[0] = '/Applications/Unity/Hub/Editor/2020.2.1f1c1/Unity.app/Contents/Managed'
Mono path[1] = '/Applications/Unity/Hub/Editor/2020.2.1f1c1/Unity.app/Contents/MonoBleedingEdge/lib/mono/unityjit'
Mono config path = '/Applications/Unity/Hub/Editor/2020.2.1f1c1/Unity.app/Contents/MonoBleedingEdge/etc'
Using monoOptions --debugger-agent=transport=dt_socket,embedding=1,server=y,suspend=n,address=127.0.0.1:56050
Begin MonoManager ReloadAssembly
Registering precompiled unity dll's ...
Register platform support module: /Applications/Unity/Hub/Editor/2020.2.1f1c1/Unity.app/Contents/PlaybackEngines/MacStandaloneSupport/UnityEditor.OSXStandalone.Extensions.dll
Register platform support module: /Applications/Unity/Hub/Editor/2020.2.1f1c1/PlaybackEngines/WindowsStandaloneSupport/UnityEditor.WindowsStandalone.Extensions.dll
Registered in 0.000619 seconds.
Native extension for WindowsStandalone target not found
Native extension for OSXStandalone target not found
Refreshing native plugins compatible for Editor in 66.91 ms, found 2 plugins.
Preloading 0 native plugins for Editor in 0.00 ms.
Invoked RoslynAnalysisRunner static constructor.
RoslynAnalysisRunner will not be running.
RoslynAnalysisRunner has terminated.
Mono: successfully reloaded assembly
- Completed reload, in  4.438 seconds
Platform modules already initialized, skipping
Registering precompiled user dll's ...
Registered in 0.004723 seconds.
Begin MonoManager ReloadAssembly
Symbol file LoadedFromMemory doesn't match image /Volumes/项目/ThePlaneWar/Assets/Photon/PhotonLibs/Photon3Unity3D.dll
Native extension for WindowsStandalone target not found
Native extension for OSXStandalone target not found
Refreshing native plugins compatible for Editor in 0.90 ms, found 2 plugins.
Preloading 0 native plugins for Editor in 0.00 ms.
Invoked RoslynAnalysisRunner static constructor.
RoslynAnalysisRunner will not be running.
RoslynAnalysisRunner has terminated.
Mono: successfully reloaded assembly
- Completed reload, in  1.263 seconds
Platform modules already initialized, skipping
========================================================================
Worker process is ready to serve import requests
Launching external process: /Applications/Unity/Hub/Editor/2020.2.1f1c1/Unity.app/Contents/Tools/UnityShaderCompiler
Launched and connected shader compiler UnityShaderCompiler after 0.02 seconds
Refreshing native plugins compatible for Editor in 1.11 ms, found 2 plugins.
Preloading 0 native plugins for Editor in 0.00 ms.
Unloading 2545 Unused Serialized files (Serialized files now loaded: 0)
System memory in use before: 228.6 MB.
System memory in use after: 228.4 MB.

Unloading 65 unused Assets to reduce memory usage. Loaded Objects now: 3034.
Total: 2.560398 ms (FindLiveObjects: 0.325716 ms CreateObjectMapping: 0.124142 ms MarkObjects: 1.677633 ms  DeleteObjects: 0.431772 ms)

========================================================================
Received Import Request.
  path: Assets/Script/StartScene/JsonController.cs
  artifactKey: Guid(0c9421c8b13ed4f9ab780c495896653d) Importer(815301076,1909f56bfc062723c751e8b465ee728b)
Start importing Assets/Script/StartScene/JsonController.cs using Guid(0c9421c8b13ed4f9ab780c495896653d) Importer(815301076,1909f56bfc062723c751e8b465ee728b)  -> (artifact id: '30c72a67ecdf6c3680cad6e05341d106') in 0.414650 seconds
  Import took 0.418526 seconds .

========================================================================
Received Prepare
Registering precompiled user dll's ...
Registered in 0.025556 seconds.
Begin MonoManager ReloadAssembly
Symbol file LoadedFromMemory doesn't match image /Volumes/项目/ThePlaneWar/Assets/Photon/PhotonLibs/Photon3Unity3D.dll
Native extension for WindowsStandalone target not found
Native extension for OSXStandalone target not found
Refreshing native plugins compatible for Editor in 0.85 ms, found 2 plugins.
Preloading 0 native plugins for Editor in 0.00 ms.
Invoked RoslynAnalysisRunner static constructor.
RoslynAnalysisRunner will not be running.
RoslynAnalysisRunner has terminated.
Mono: successfully reloaded assembly
- Completed reload, in  1.077 seconds
Platform modules already initialized, skipping
Refreshing native plugins compatible for Editor in 1.13 ms, found 2 plugins.
Preloading 0 native plugins for Editor in 0.00 ms.
Unloading 2457 Unused Serialized files (Serialized files now loaded: 0)
System memory in use before: 212.5 MB.
System memory in use after: 212.2 MB.

Unloading 56 unused Assets to reduce memory usage. Loaded Objects now: 3037.
Total: 2.489604 ms (FindLiveObjects: 0.282289 ms CreateObjectMapping: 0.134270 ms MarkObjects: 1.597556 ms  DeleteObjects: 0.474529 ms)

========================================================================
Received Import Request.
  Time since last request: 802.743265 seconds.
  path: Assets/Script/StartScene/JsonController.cs
  artifactKey: Guid(0c9421c8b13ed4f9ab780c495896653d) Importer(815301076,1909f56bfc062723c751e8b465ee728b)
Start importing Assets/Script/StartScene/JsonController.cs using Guid(0c9421c8b13ed4f9ab780c495896653d) Importer(815301076,1909f56bfc062723c751e8b465ee728b)  -> (artifact id: '09b7df6ad5ce95a03d6af39f0ddebd43') in 0.006492 seconds
  Import took 0.015168 seconds .

========================================================================
Received Prepare
Registering precompiled user dll's ...
Registered in 0.005530 seconds.
Begin MonoManager ReloadAssembly
Symbol file LoadedFromMemory doesn't match image /Volumes/项目/ThePlaneWar/Assets/Photon/PhotonLibs/Photon3Unity3D.dll
Native extension for WindowsStandalone target not found
Native extension for OSXStandalone target not found
Refreshing native plugins compatible for Editor in 0.96 ms, found 2 plugins.
Preloading 0 native plugins for Editor in 0.00 ms.
Invoked RoslynAnalysisRunner static constructor.
RoslynAnalysisRunner will not be running.
RoslynAnalysisRunner has terminated.
Mono: successfully reloaded assembly
- Completed reload, in  1.392 seconds
Platform modules already initialized, skipping
Refreshing native plugins compatible for Editor in 0.98 ms, found 2 plugins.
Preloading 0 native plugins for Editor in 0.00 ms.
Unloading 2458 Unused Serialized files (Serialized files now loaded: 0)
System memory in use before: 211.8 MB.
System memory in use after: 211.6 MB.

Unloading 56 unused Assets to reduce memory usage. Loaded Objects now: 3040.
Total: 4.067511 ms (FindLiveObjects: 0.342210 ms CreateObjectMapping: 0.208616 ms MarkObjects: 2.884977 ms  DeleteObjects: 0.625866 ms)

========================================================================
Received Import Request.
  Time since last request: 1573.466004 seconds.
  path: Assets/Script/StartScene/JsonController.cs
  artifactKey: Guid(0c9421c8b13ed4f9ab780c495896653d) Importer(815301076,1909f56bfc062723c751e8b465ee728b)
Start importing Assets/Script/StartScene/JsonController.cs using Guid(0c9421c8b13ed4f9ab780c495896653d) Importer(815301076,1909f56bfc062723c751e8b465ee728b)  -> (artifact id: '5ef913266428056826d754a462e25d60') in 0.005128 seconds
  Import took 0.010509 seconds .

========================================================================
Received Prepare
Registering precompiled user dll's ...
Registered in 0.005307 seconds.
Begin MonoManager ReloadAssembly
Symbol file LoadedFromMemory doesn't match image /Volumes/项目/ThePlaneWar/Assets/Photon/PhotonLibs/Photon3Unity3D.dll
Native extension for WindowsStandalone target not found
Native extension for OSXStandalone target not found
Refreshing native plugins compatible for Editor in 1.02 ms, found 2 plugins.
Preloading 0 native plugins for Editor in 0.00 ms.
Invoked RoslynAnalysisRunner static constructor.
RoslynAnalysisRunner will not be running.
RoslynAnalysisRunner has terminated.
Mono: successfully reloaded assembly
- Completed reload, in  1.314 seconds
Platform modules already initialized, skipping
Refreshing native plugins compatible for Editor in 0.99 ms, found 2 plugins.
Preloading 0 native plugins for Editor in 0.00 ms.
Unloading 2458 Unused Serialized files (Serialized files now loaded: 0)
System memory in use before: 212.1 MB.
System memory in use after: 211.9 MB.

Unloading 56 unused Assets to reduce memory usage. Loaded Objects now: 3043.
Total: 5.190272 ms (FindLiveObjects: 0.561271 ms CreateObjectMapping: 0.271009 ms MarkObjects: 3.583040 ms  DeleteObjects: 0.772850 ms)

========================================================================
Received Prepare
Registering precompiled user dll's ...
Registered in 0.005383 seconds.
Begin MonoManager ReloadAssembly
Symbol file LoadedFromMemory doesn't match image /Volumes/项目/ThePlaneWar/Assets/Photon/PhotonLibs/Photon3Unity3D.dll
Native extension for WindowsStandalone target not found
Native extension for OSXStandalone target not found
Refreshing native plugins compatible for Editor in 1.79 ms, found 2 plugins.
Preloading 0 native plugins for Editor in 0.00 ms.
Invoked RoslynAnalysisRunner static constructor.
RoslynAnalysisRunner will not be running.
RoslynAnalysisRunner has terminated.
Mono: successfully reloaded assembly
- Completed reload, in  1.787 seconds
Platform modules already initialized, skipping
Refreshing native plugins compatible for Editor in 1.35 ms, found 2 plugins.
Preloading 0 native plugins for Editor in 0.00 ms.
Unloading 2458 Unused Serialized files (Serialized files now loaded: 0)
System memory in use before: 212.5 MB.
System memory in use after: 212.2 MB.

Unloading 56 unused Assets to reduce memory usage. Loaded Objects now: 3046.
Total: 3.892084 ms (FindLiveObjects: 0.414422 ms CreateObjectMapping: 0.385661 ms MarkObjects: 2.429375 ms  DeleteObjects: 0.660061 ms)

========================================================================
Received Prepare
Registering precompiled user dll's ...
Registered in 0.005437 seconds.
Begin MonoManager ReloadAssembly
Symbol file LoadedFromMemory doesn't match image /Volumes/项目/ThePlaneWar/Assets/Photon/PhotonLibs/Photon3Unity3D.dll
Native extension for WindowsStandalone target not found
Native extension for OSXStandalone target not found
Refreshing native plugins compatible for Editor in 1.35 ms, found 2 plugins.
Preloading 0 native plugins for Editor in 0.00 ms.
Invoked RoslynAnalysisRunner static constructor.
RoslynAnalysisRunner will not be running.
RoslynAnalysisRunner has terminated.
Mono: successfully reloaded assembly
- Completed reload, in  1.804 seconds
Platform modules already initialized, skipping
Refreshing native plugins compatible for Editor in 1.17 ms, found 2 plugins.
Preloading 0 native plugins for Editor in 0.00 ms.
Unloading 2458 Unused Serialized files (Serialized files now loaded: 0)
System memory in use before: 212.8 MB.
System memory in use after: 212.6 MB.

Unloading 56 unused Assets to reduce memory usage. Loaded Objects now: 3049.
Total: 3.978049 ms (FindLiveObjects: 0.466222 ms CreateObjectMapping: 0.248514 ms MarkObjects: 2.553315 ms  DeleteObjects: 0.706161 ms)

========================================================================
Received Prepare
Registering precompiled user dll's ...
Registered in 0.005617 seconds.
Begin MonoManager ReloadAssembly
Symbol file LoadedFromMemory doesn't match image /Volumes/项目/ThePlaneWar/Assets/Photon/PhotonLibs/Photon3Unity3D.dll
Native extension for WindowsStandalone target not found
Native extension for OSXStandalone target not found
Refreshing native plugins compatible for Editor in 1.39 ms, found 2 plugins.
Preloading 0 native plugins for Editor in 0.00 ms.
Invoked RoslynAnalysisRunner static constructor.
RoslynAnalysisRunner will not be running.
RoslynAnalysisRunner has terminated.
Mono: successfully reloaded assembly
- Completed reload, in  1.578 seconds
Platform modules already initialized, skipping
Refreshing native plugins compatible for Editor in 1.36 ms, found 2 plugins.
Preloading 0 native plugins for Editor in 0.00 ms.
Unloading 2458 Unused Serialized files (Serialized files now loaded: 0)
System memory in use before: 213.1 MB.
System memory in use after: 212.9 MB.

Unloading 56 unused Assets to reduce memory usage. Loaded Objects now: 3052.
Total: 3.804953 ms (FindLiveObjects: 0.492587 ms CreateObjectMapping: 0.224945 ms MarkObjects: 2.329393 ms  DeleteObjects: 0.755546 ms)

========================================================================
Received Prepare
Registering precompiled user dll's ...
Registered in 0.005424 seconds.
Begin MonoManager ReloadAssembly
Symbol file LoadedFromMemory doesn't match image /Volumes/项目/ThePlaneWar/Assets/Photon/PhotonLibs/Photon3Unity3D.dll
Native extension for WindowsStandalone target not found
Native extension for OSXStandalone target not found
Refreshing native plugins compatible for Editor in 1.13 ms, found 2 plugins.
Preloading 0 native plugins for Editor in 0.00 ms.
Invoked RoslynAnalysisRunner static constructor.
RoslynAnalysisRunner will not be running.
RoslynAnalysisRunner has terminated.
Mono: successfully reloaded assembly
- Completed reload, in  1.844 seconds
Platform modules already initialized, skipping
Refreshing native plugins compatible for Editor in 1.44 ms, found 2 plugins.
Preloading 0 native plugins for Editor in 0.00 ms.
Unloading 2458 Unused Serialized files (Serialized files now loaded: 0)
System memory in use before: 213.4 MB.
System memory in use after: 213.2 MB.

Unloading 56 unused Assets to reduce memory usage. Loaded Objects now: 3055.
Total: 4.614876 ms (FindLiveObjects: 0.603032 ms CreateObjectMapping: 0.499384 ms MarkObjects: 2.833413 ms  DeleteObjects: 0.675766 ms)

========================================================================
Received Prepare
Registering precompiled user dll's ...
Registered in 0.005366 seconds.
Begin MonoManager ReloadAssembly
Symbol file LoadedFromMemory doesn't match image /Volumes/项目/ThePlaneWar/Assets/Photon/PhotonLibs/Photon3Unity3D.dll
Native extension for WindowsStandalone target not found
Native extension for OSXStandalone target not found
Refreshing native plugins compatible for Editor in 1.40 ms, found 2 plugins.
Preloading 0 native plugins for Editor in 0.00 ms.
Invoked RoslynAnalysisRunner static constructor.
RoslynAnalysisRunner will not be running.
RoslynAnalysisRunner has terminated.
Mono: successfully reloaded assembly
- Completed reload, in  1.789 seconds
Platform modules already initialized, skipping
Refreshing native plugins compatible for Editor in 1.35 ms, found 2 plugins.
Preloading 0 native plugins for Editor in 0.00 ms.
Unloading 2458 Unused Serialized files (Serialized files now loaded: 0)
System memory in use before: 213.7 MB.
System memory in use after: 213.5 MB.

Unloading 56 unused Assets to reduce memory usage. Loaded Objects now: 3058.
Total: 4.000127 ms (FindLiveObjects: 0.411667 ms CreateObjectMapping: 0.332796 ms MarkObjects: 2.397398 ms  DeleteObjects: 0.856237 ms)

AssetImportWorkerClient::OnTransportError - code=2 error=End of file
